<?xml version="1.0" encoding="UTF-8"?>
<testng-results ignored="1" total="4" passed="3" failed="0" skipped="0">
  <reporter-output>
  </reporter-output>
  <suite started-at="2019-03-29T11:02:24Z" name="Default suite" finished-at="2019-03-29T11:02:24Z" duration-ms="81">
    <groups>
    </groups>
    <test started-at="2019-03-29T11:02:24Z" name="Default test" finished-at="2019-03-29T11:02:24Z" duration-ms="81">
      <class name="com.testNg.SkipTest">
        <test-method signature="f()[pri:0, instance:com.testNg.SkipTest@7530ad9c]" started-at="2019-03-29T11:02:24Z" name="f" finished-at="2019-03-29T11:02:24Z" duration-ms="16" status="PASS">
          <reporter-output>
          </reporter-output>
        </test-method> <!-- f -->
        <test-method signature="three()[pri:3, instance:com.testNg.SkipTest@7530ad9c]" started-at="2019-03-29T11:02:24Z" name="three" finished-at="2019-03-29T11:02:24Z" duration-ms="15" status="PASS">
          <reporter-output>
          </reporter-output>
        </test-method> <!-- three -->
        <test-method signature="one()[pri:1, instance:com.testNg.SkipTest@7530ad9c]" started-at="2019-03-29T11:02:24Z" name="one" finished-at="2019-03-29T11:02:24Z" duration-ms="0" status="PASS">
          <reporter-output>
          </reporter-output>
        </test-method> <!-- one -->
      </class> <!-- com.testNg.SkipTest -->
    </test> <!-- Default test -->
  </suite> <!-- Default suite -->
</testng-results>
