<?xml version="1.0" encoding="UTF-8"?>
<!-- Generated by org.testng.reporters.JUnitXMLReporter -->
<testsuite ignored="1" hostname="Ravi" failures="0" tests="3" name="Default test" time="0.081" errors="0" timestamp="29 Mar 2019 11:02:24 GMT">
  <testcase classname="com.testNg.SkipTest" name="f" time="0.016"/>
  <testcase classname="com.testNg.SkipTest" name="one" time="0.0"/>
  <testcase classname="com.testNg.SkipTest" name="three" time="0.015"/>
  <testcase classname="com.testNg.SkipTest" name="two" time="0.0">
    <ignored/>
  </testcase> <!-- two -->
</testsuite> <!-- Default test -->
