<?xml version="1.0" encoding="UTF-8"?>
<!-- Generated by org.testng.reporters.JUnitXMLReporter -->
<testsuite ignored="0" hostname="Ravi" failures="1" tests="1" name="Ftest" time="56.394" errors="0" timestamp="18 Dec 2018 13:39:08 GMT">
  <testcase classname="testNg.FtestNg" name="f" time="0.018">
    <failure type="java.lang.NullPointerException">
      <![CDATA[java.lang.NullPointerException
at testNg.FtestNg.f(FtestNg.java:19)
... Removed 25 stack frames]]>
    </failure>
  </testcase> <!-- f -->
</testsuite> <!-- Ftest -->
